Performing C SOURCE FILE Test CMAKE_HAVE_LIBC_PTHREAD failed with the following output:
Change Dir: /home/jacob/catkin_ws/src/multi_drone_platform/cmake-build-debug/CMakeFiles/CMakeTmp

Run Build Command(s):/usr/bin/make cmTC_978e8/fast && /usr/bin/make -f CMakeFiles/cmTC_978e8.dir/build.make CMakeFiles/cmTC_978e8.dir/build
make[1]: Entering directory '/home/jacob/catkin_ws/src/multi_drone_platform/cmake-build-debug/CMakeFiles/CMakeTmp'
Building C object CMakeFiles/cmTC_978e8.dir/src.c.o
/usr/bin/cc   -DCMAKE_HAVE_LIBC_PTHREAD   -o CMakeFiles/cmTC_978e8.dir/src.c.o   -c /home/jacob/catkin_ws/src/multi_drone_platform/cmake-build-debug/CMakeFiles/CMakeTmp/src.c
Linking C executable cmTC_978e8
/home/jacob/clion-2019.3.4/bin/cmake/linux/bin/cmake -E cmake_link_script CMakeFiles/cmTC_978e8.dir/link.txt --verbose=1
/usr/bin/cc  -DCMAKE_HAVE_LIBC_PTHREAD    -rdynamic CMakeFiles/cmTC_978e8.dir/src.c.o  -o cmTC_978e8 
CMakeFiles/cmTC_978e8.dir/src.c.o: In function `main':
src.c:(.text+0x3c): undefined reference to `pthread_create'
src.c:(.text+0x48): undefined reference to `pthread_detach'
src.c:(.text+0x59): undefined reference to `pthread_join'
src.c:(.text+0x6d): undefined reference to `pthread_atfork'
collect2: error: ld returned 1 exit status
CMakeFiles/cmTC_978e8.dir/build.make:86: recipe for target 'cmTC_978e8' failed
make[1]: *** [cmTC_978e8] Error 1
make[1]: Leaving directory '/home/jacob/catkin_ws/src/multi_drone_platform/cmake-build-debug/CMakeFiles/CMakeTmp'
Makefile:121: recipe for target 'cmTC_978e8/fast' failed
make: *** [cmTC_978e8/fast] Error 2


Source file was:
#include <pthread.h>

void* test_func(void* data)
{
  return data;
}

int main(void)
{
  pthread_t thread;
  pthread_create(&thread, NULL, test_func, NULL);
  pthread_detach(thread);
  pthread_join(thread, NULL);
  pthread_atfork(NULL, NULL, NULL);
  pthread_exit(NULL);

  return 0;
}

Determining if the function pthread_create exists in the pthreads failed with the following output:
Change Dir: /home/jacob/catkin_ws/src/multi_drone_platform/cmake-build-debug/CMakeFiles/CMakeTmp

Run Build Command(s):/usr/bin/make cmTC_382cc/fast && /usr/bin/make -f CMakeFiles/cmTC_382cc.dir/build.make CMakeFiles/cmTC_382cc.dir/build
make[1]: Entering directory '/home/jacob/catkin_ws/src/multi_drone_platform/cmake-build-debug/CMakeFiles/CMakeTmp'
Building C object CMakeFiles/cmTC_382cc.dir/CheckFunctionExists.c.o
/usr/bin/cc   -DCHECK_FUNCTION_EXISTS=pthread_create   -o CMakeFiles/cmTC_382cc.dir/CheckFunctionExists.c.o   -c /home/jacob/clion-2019.3.4/bin/cmake/linux/share/cmake-3.15/Modules/CheckFunctionExists.c
Linking C executable cmTC_382cc
/home/jacob/clion-2019.3.4/bin/cmake/linux/bin/cmake -E cmake_link_script CMakeFiles/cmTC_382cc.dir/link.txt --verbose=1
/usr/bin/cc  -DCHECK_FUNCTION_EXISTS=pthread_create    -rdynamic CMakeFiles/cmTC_382cc.dir/CheckFunctionExists.c.o  -o cmTC_382cc -lpthreads 
/usr/bin/ld: cannot find -lpthreads
collect2: error: ld returned 1 exit status
CMakeFiles/cmTC_382cc.dir/build.make:86: recipe for target 'cmTC_382cc' failed
make[1]: *** [cmTC_382cc] Error 1
make[1]: Leaving directory '/home/jacob/catkin_ws/src/multi_drone_platform/cmake-build-debug/CMakeFiles/CMakeTmp'
Makefile:121: recipe for target 'cmTC_382cc/fast' failed
make: *** [cmTC_382cc/fast] Error 2



